

Version:	3.14
CmdLine:	C:\Users\NIDULA\OneDrive\Desktop\pcjt\JAVA\nshop\dist\nshop.exe --l4j-debug
WOW64:		yes
Working dir:	C:\Users\NIDULA\OneDrive\Desktop\pcjt\JAVA\nshop\dist\.
Java min ver:	1.000.000
Java max ver:	1.011.000
64-bit search:	SOFTWARE\JavaSoft\Java Runtime Environment...
Check:		SOFTWARE\JavaSoft\Java Runtime Environment\1.8
Check launcher:	C:\Program Files\Java\jre1.8.0_341\bin\javaw.exe (OK)
Match:		1.008.000
Check:		SOFTWARE\JavaSoft\Java Runtime Environment\1.8.0_341
Check launcher:	C:\Program Files\Java\jre1.8.0_341\bin\javaw.exe (OK)
Match:		1.008.000_341
64-bit search:	SOFTWARE\JavaSoft\Java Development Kit...
64-bit search:	SOFTWARE\JavaSoft\JRE...
64-bit search:	SOFTWARE\JavaSoft\JDK...
Check:		SOFTWARE\JavaSoft\JDK\11.0.15
Ignore:		1.011.000_015
Check:		SOFTWARE\JavaSoft\JDK\12.0.2
Ignore:		1.012.000_002
Runtime used:	1.008.000_341 (64-bit)
Launcher:	C:\Program Files\Java\jre1.8.0_341\bin\javaw.exe
Launcher args:	-jar "C:\Users\NIDULA\OneDrive\Desktop\pcjt\JAVA\nshop\dist\nshop.exe"
Args length:	70/32768 chars
Exit code:	0


Version:	3.14
CmdLine:	C:\Users\NIDULA\OneDrive\Desktop\pcjt\JAVA\nshop\dist\nshop.exe --l4j-debug
WOW64:		yes
Working dir:	C:\Users\NIDULA\OneDrive\Desktop\pcjt\JAVA\nshop\dist\.
Java min ver:	1.000.000
Java max ver:	
64-bit search:	SOFTWARE\JavaSoft\Java Runtime Environment...
Check:		SOFTWARE\JavaSoft\Java Runtime Environment\1.8
Check launcher:	C:\Program Files\Java\jre1.8.0_341\bin\javaw.exe (OK)
Match:		1.008.000
Check:		SOFTWARE\JavaSoft\Java Runtime Environment\1.8.0_341
Check launcher:	C:\Program Files\Java\jre1.8.0_341\bin\javaw.exe (OK)
Match:		1.008.000_341
64-bit search:	SOFTWARE\JavaSoft\Java Development Kit...
64-bit search:	SOFTWARE\JavaSoft\JRE...
64-bit search:	SOFTWARE\JavaSoft\JDK...
Check:		SOFTWARE\JavaSoft\JDK\11.0.15
Check launcher:	C:\Program Files\Java\jdk-11.0.15\bin\javaw.exe (OK)
Match:		1.011.000_015
Check:		SOFTWARE\JavaSoft\JDK\12.0.2
Check launcher:	C:\Program Files\Java\jdk-12.0.2\bin\javaw.exe (OK)
Match:		1.012.000_002
Runtime used:	1.012.000_002 (64-bit)
Launcher:	C:\Program Files\Java\jdk-12.0.2\bin\javaw.exe
Launcher args:	-jar "C:\Users\NIDULA\OneDrive\Desktop\pcjt\JAVA\nshop\dist\nshop.exe"
Args length:	70/32768 chars
Exit code:	0
